<?xml version="1.0" encoding="UTF-8"?>
<!-- Generated by org.testng.reporters.JUnitReportReporter -->
<testsuite name="com.Scripts.Login_script" tests="1" time="0.003" ignored="0" failures="0" timestamp="14 Apr 2017 15:00:39 GMT" skipped="1" hostname="Dayanand-PC" errors="0">
  <testcase name="login_action" time="0.003" classname="com.Scripts.Login_script">
    <skipped/>
  </testcase> <!-- login_action -->
</testsuite> <!-- com.Scripts.Login_script -->
